<?xml version="1.0" encoding="UTF-8"?>
<!-- Generated by org.testng.reporters.JUnitXMLReporter -->
<testsuite hostname="kashmivm" ignored="0" name="FirstTest" tests="4" failures="0" timestamp="24 Sep 2018 09:35:56 GMT" time="0.01" errors="0">
  <testcase name="testNewT" time="0.001" classname="com.leadgain.Test1"/>
  <testcase name="testOldT" time="0.002" classname="com.leadgain.Test1"/>
  <testcase name="testNew" time="0.001" classname="com.leadgain1.test2"/>
  <testcase name="testOld" time="0.003" classname="com.leadgain1.test2"/>
</testsuite> <!-- FirstTest -->
