<?xml version="1.0" encoding="UTF-8"?>
<!-- Generated by org.testng.reporters.JUnitXMLReporter -->
<testsuite hostname="kashmivm" ignored="0" name="FirstTest" tests="4" failures="2" timestamp="24 Sep 2018 09:35:56 GMT" time="0.055" errors="0">
  <testcase name="leadGainLogin" time="0.003" classname="com.leadgain.ExitIntentSeleniumTest">
    <failure type="java.lang.AssertionError">
      <![CDATA[java.lang.AssertionError: 
at com.leadgain.ExitIntentSeleniumTest.leadGainLogin(ExitIntentSeleniumTest.java:219)
at java.util.concurrent.ThreadPoolExecutor.runWorker(ThreadPoolExecutor.java:1149)
at java.util.concurrent.ThreadPoolExecutor$Worker.run(ThreadPoolExecutor.java:624)
at java.lang.Thread.run(Thread.java:748)
... Removed 13 stack frames]]>
    </failure>
  </testcase> <!-- leadGainLogin -->
  <testcase name="leadGainRegister" time="0.006" classname="com.leadgain.ExitIntentSeleniumTest"/>
  <testcase name="leadGainLogin" time="0.012" classname="com.leadgain1.ForgetPassword">
    <failure type="java.lang.AssertionError">
      <![CDATA[java.lang.AssertionError: 
at com.leadgain1.ForgetPassword.leadGainLogin(ForgetPassword.java:49)
at java.util.concurrent.ThreadPoolExecutor.runWorker(ThreadPoolExecutor.java:1149)
at java.util.concurrent.ThreadPoolExecutor$Worker.run(ThreadPoolExecutor.java:624)
at java.lang.Thread.run(Thread.java:748)
... Removed 13 stack frames]]>
    </failure>
  </testcase> <!-- leadGainLogin -->
  <testcase name="leadGainForget" time="0.018" classname="com.leadgain1.ForgetPassword"/>
</testsuite> <!-- FirstTest -->
